[PREINITIALIZATION][CLIENT][INFO] Current loaders after merging: [[preinit]]
[PREINITIALIZATION][CLIENT][INFO] Loading scripts for loader with names [preinit]
[PREINITIALIZATION][CLIENT][INFO] [preinit | SIDE_CLIENT]: Skipping file {[0:crafttweaker]: Crafting.zs} as we are currently loading with a different loader
[PREINITIALIZATION][CLIENT][INFO] [preinit | SIDE_CLIENT]: Skipping file {[0:contenttweaker]: Fluids.zs} as we are currently loading with a different loader
[PREINITIALIZATION][CLIENT][INFO] [preinit | SIDE_CLIENT]: Skipping file {[0:contenttweaker]: Items.zs} as we are currently loading with a different loader
[PREINITIALIZATION][CLIENT][INFO] [preinit | SIDE_CLIENT]: Skipping file {[0:crafttweaker]: recipes.zs} as we are currently loading with a different loader
[PREINITIALIZATION][CLIENT][INFO] [preinit | SIDE_CLIENT]: Skipping file {[0:crafttweaker]: Scores.zs} as we are currently loading with a different loader
[PREINITIALIZATION][CLIENT][INFO] Completed script loading in: 2ms
[PREINITIALIZATION][CLIENT][INFO] Current loaders after merging: [[preinit], [contenttweaker]]
[PREINITIALIZATION][CLIENT][INFO] Loading scripts for loader with names [contenttweaker]
[PREINITIALIZATION][CLIENT][INFO] [contenttweaker | SIDE_CLIENT]: Skipping file {[0:crafttweaker]: Crafting.zs} as we are currently loading with a different loader
[PREINITIALIZATION][CLIENT][INFO] [contenttweaker | SIDE_CLIENT]: Loading Script: {[0:contenttweaker]: Fluids.zs}
[PREINITIALIZATION][CLIENT][INFO] [contenttweaker | SIDE_CLIENT]: Loading Script: {[0:contenttweaker]: Items.zs}
[PREINITIALIZATION][CLIENT][INFO] [contenttweaker | SIDE_CLIENT]: Skipping file {[0:crafttweaker]: recipes.zs} as we are currently loading with a different loader
[PREINITIALIZATION][CLIENT][INFO] [contenttweaker | SIDE_CLIENT]: Skipping file {[0:crafttweaker]: Scores.zs} as we are currently loading with a different loader
[PREINITIALIZATION][CLIENT][INFO] Completed script loading in: 296ms
[INITIALIZATION][CLIENT][INFO] CraftTweaker: Building registry
[INITIALIZATION][CLIENT][INFO] CraftTweaker: Successfully built item registry
[INITIALIZATION][CLIENT][INFO] Current loaders after merging: [[preinit], [contenttweaker], [recipeevent | crafttweaker]]
[INITIALIZATION][CLIENT][INFO] Loading scripts for loader with names [crafttweaker | recipeevent]
[INITIALIZATION][CLIENT][INFO] [crafttweaker | SIDE_CLIENT]: Loading Script: {[0:crafttweaker]: Crafting.zs}
[INITIALIZATION][CLIENT][INFO] Adding HugeRecipe for Unstable Obsidian Prime
[INITIALIZATION][CLIENT][INFO] Adding Bottling Machine Recipe for Obsidian Prime
[INITIALIZATION][CLIENT][INFO] Adding Fermenter Recipe for Fluid Abyss Stew
[INITIALIZATION][CLIENT][INFO] Adding Bottling Machine Recipe for Abyss Stew
[INITIALIZATION][CLIENT][INFO] Adding Fermenter Recipe for Fluid Happiness Fluid
[INITIALIZATION][CLIENT][INFO] Adding Bottling Machine Recipe for Happiness Circuit
[INITIALIZATION][CLIENT][INFO] Adding Bottling Machine Recipe for Biological Iron
[INITIALIZATION][CLIENT][INFO] Adding ArcFurnace Recipe for Stalinless Steel
[INITIALIZATION][CLIENT][INFO] Adding Bottling Machine Recipe for Essence of Greed
[INITIALIZATION][CLIENT][INFO] Adding Bottling Machine Recipe for Alkaline Battery(Can't Charge)
[INITIALIZATION][CLIENT][INFO] Adding Fermenter Recipe for Fluid Alkali
[INITIALIZATION][CLIENT][INFO] Adding Bottling Machine Recipe for Sunshine Battery(Can't Charge)
[INITIALIZATION][CLIENT][INFO] [crafttweaker | SIDE_CLIENT]: Skipping file {[0:contenttweaker]: Fluids.zs} as we are currently loading with a different loader
[INITIALIZATION][CLIENT][INFO] [crafttweaker | SIDE_CLIENT]: Skipping file {[0:contenttweaker]: Items.zs} as we are currently loading with a different loader
[INITIALIZATION][CLIENT][INFO] [crafttweaker | SIDE_CLIENT]: Loading Script: {[0:crafttweaker]: recipes.zs}
[INITIALIZATION][CLIENT][INFO] [crafttweaker | SIDE_CLIENT]: Loading Script: {[0:crafttweaker]: Scores.zs}
[INITIALIZATION][CLIENT][INFO] add item :item.contenttweaker.obsidian_primemetadata : 1
[INITIALIZATION][CLIENT][INFO] Completed script loading in: 1397ms
[POSTINITIALIZATION][CLIENT][INFO] Adding shaped recipe for Battery Hull with name ct_shaped1814659583
[POSTINITIALIZATION][CLIENT][INFO] Adding 1 PneumaticCraft Pressure Chamber recipe(s)
[AVAILABLE][CLIENT][INFO] Altering Transposer Fill Recipe(s) for <liquid:obsidian> * 2000
[AVAILABLE][CLIENT][INFO] Altering Casting Recipe(s) for <contenttweaker:obsidian_prime>
[AVAILABLE][CLIENT][INFO] Altering InductionSmelter Recipe(s) for <contenttweaker:plantball_terrafirma>
[AVAILABLE][CLIENT][INFO] Altering Transposer Fill Recipe(s) for <liquid:abyss_stew> * 2000
[AVAILABLE][CLIENT][INFO] Altering Casting Recipe(s) for <contenttweaker:abyss_stew>
[AVAILABLE][CLIENT][INFO] Adding infusion recipe for: 1xitem.contenttweaker.void_happiness_circuit@0
[AVAILABLE][CLIENT][INFO] Altering Transposer Fill Recipe(s) for <liquid:happiness_fluid> * 10000
[AVAILABLE][CLIENT][INFO] Altering Casting Recipe(s) for <contenttweaker:happiness_circuit>
[AVAILABLE][CLIENT][INFO] Altering Alloy Recipe(s) for <liquid:bio_goo> * 10
[AVAILABLE][CLIENT][INFO] Altering Transposer Fill Recipe(s) for <liquid:bio_goo> * 4000
[AVAILABLE][CLIENT][INFO] Altering Casting Recipe(s) for <contenttweaker:biological_iron>
[AVAILABLE][CLIENT][INFO] Altering Transposer Fill Recipe(s) for <liquid:xpjuice> * 3390
[AVAILABLE][CLIENT][INFO] Altering Casting Recipe(s) for <contenttweaker:greed_crystal>
[AVAILABLE][CLIENT][INFO] Altering Transposer Fill Recipe(s) for <liquid:alkali> * 9001
[AVAILABLE][CLIENT][INFO] Altering Casting Recipe(s) for <contenttweaker:alkaline_battery>
[AVAILABLE][CLIENT][INFO] Altering Transposer Fill Recipe(s) for <liquid:liquid_sunshine> * 9001
[AVAILABLE][CLIENT][INFO] Altering Casting Recipe(s) for <contenttweaker:sunshine_battery>
[AVAILABLE][CLIENT][INFO] Fixed the RecipeBook
