[00:12:59] [Netty Client IO #1/ERROR]: NetworkDispatcher exception
io.netty.handler.timeout.ReadTimeoutException: null
[00:13:00] [Netty Client IO #1/INFO]: Reset configs to client values for com.enderio.core.common.config.ConfigHandler
[00:13:00] [Netty Client IO #1/INFO]: Cleaning client cache...
[00:13:01] [Netty Client IO #1/INFO]: Cleared cached client data! Disconnected from server.
[00:13:01] [Client thread/INFO]: Mapping halted in C:\Users\micha_000\Documents\Curse\Minecraft\Instances\Auto\journeymap\data\mp\Minecraft~Server\DIM0
[00:13:08] [Client thread/INFO]: JEI search tree manager injection complete!
[00:13:12] [Client thread/INFO]: Applying holder lookups
[00:13:12] [Client thread/INFO]: Holder lookups applied
[00:13:35] [Session-Validator/INFO]: Session validation successful
[00:13:42] [Client thread/INFO]: Connecting to riko.uy.to, 7047
[00:13:43] [Netty Client IO #3/INFO]: Server protocol version 2
[00:13:43] [Client thread/INFO]: Injecting existing registry data into this client instance
[00:13:46] [Client thread/INFO]: JEI search tree manager injection complete!
[00:13:46] [Client thread/INFO]: Applying holder lookups
[00:13:46] [Client thread/INFO]: Holder lookups applied
[00:13:46] [Netty Client IO #3/INFO]: [Netty Client IO #3] Client side modded connection established
[00:14:03] [Netty Client IO #3/INFO]: Reset configs to client values for com.enderio.core.common.config.ConfigHandler
[00:14:03] [Netty Client IO #3/INFO]: Cleaning client cache...
[00:14:03] [Netty Client IO #3/INFO]: Cleared cached client data! Disconnected from server.
[00:14:03] [Client thread/INFO]: Loaded 32 advancements
[00:14:06] [Client thread/INFO]: JEI search tree manager injection complete!
[00:14:07] [Client thread/INFO]: Applying holder lookups
[00:14:07] [Client thread/INFO]: Holder lookups applied
[00:14:12] [Client thread/INFO]: Using gateway screenshots for folder 'riko.uy.to_180.69.120.30_7047'
[00:14:12] [Client thread/INFO]: Unloaded world <net.minecraft.client.multiplayer.WorldClient@539437b5 0 MultiplayerChunkCache: 575, 575> is still hanging around after 60 seconds.
[00:14:12] [Client thread/INFO]: This may be due to a world leak, or there is little memory pressure.
[00:14:12] [Client thread/INFO]: Use the relevant FoamFix options to adjust the wait time.
[00:14:20] [Client thread/INFO]: Connecting to riko.uy.to, 7047
[00:14:21] [Netty Client IO #5/INFO]: Server protocol version 2
[00:14:21] [Client thread/INFO]: Injecting existing registry data into this client instance
[00:14:23] [Client thread/INFO]: JEI search tree manager injection complete!
[00:14:24] [Client thread/INFO]: Applying holder lookups
[00:14:24] [Client thread/INFO]: Holder lookups applied
[00:14:24] [Netty Client IO #5/INFO]: [Netty Client IO #5] Client side modded connection established
[00:14:27] [Client thread/INFO]: Using gateway screenshots for folder 'riko.uy.to_180.69.120.30_7047'
[00:14:27] [Client thread/INFO]: Loaded 32 advancements
[00:14:28] [Client thread/WARN]: core (Initialized) Bad configField entry during updateFrom(): optionsManagerViewed=null
[00:14:28] [Client thread/WARN]: core (Initialized) Bad configField entry during updateFrom(): splashViewed=null
[00:14:28] [Client thread/INFO]: Loading journeymap.topo.config
[00:14:28] [Client thread/INFO]: Loaded 4 waypoints from C:\Users\micha_000\Documents\Curse\Minecraft\Instances\Auto\journeymap\data\mp\Minecraft~Server\waypoints
[00:14:28] [Client thread/INFO]: Mapping started in C:\Users\micha_000\Documents\Curse\Minecraft\Instances\Auto\journeymap\data\mp\Minecraft~Server\DIM0. Memory: 4029MB total, 1369MB free 
[00:14:34] [Client thread/INFO]: [CHAT] 」6You lost your entire player storage.
[00:14:34] [Client thread/INFO]: [CHAT] ZoNiIc645 fell out of the world
[00:14:35] [Client thread/INFO]: ZoNiIc645 died at BlockPos{x=775, y=-305, z=-254}. Deathpoints enabled: true. Deathpoint created: true
[00:14:48] [Client thread/INFO]: Handling crafting slots.
[00:14:48] [Client thread/INFO]: Merging stacks.
[00:14:48] [Client thread/INFO]: Applying rules.
[00:14:48] [Client thread/INFO]: Locking stacks.
[00:14:48] [Client thread/INFO]: Default sorting.
[00:14:48] [Client thread/INFO]: Sorting done in 6592042ns
[00:14:56] [Client thread/INFO]: [CHAT] /gamemode, /gamerule
[00:14:57] [Client thread/INFO]: [CHAT] Your game mode has been updated to Creative Mode
[00:15:03] [Client thread/INFO]: Unloaded world <net.minecraft.client.multiplayer.WorldClient@6602c698 0 MultiplayerChunkCache: 575, 575> is still hanging around after 60 seconds.
[00:15:13] [Client thread/ERROR]: Got a genetic item with no genome, setting it to a default value.
[00:15:13] [Client thread/ERROR]: Got a genetic item with no genome, setting it to a default value.
[00:15:13] [Client thread/ERROR]: Got a genetic item with no genome, setting it to a default value.
[00:15:13] [Client thread/ERROR]: Got a genetic item with no genome, setting it to a default value.
[00:15:15] [Client thread/ERROR]: Got a genetic item with no genome, setting it to a default value.
[00:17:21] [Client thread/INFO]: [CHAT] <ZoNiIc645> 朝搾還けけけけけ
[00:24:27] [Netty Client IO #5/ERROR]: NetworkDispatcher exception
io.netty.handler.timeout.ReadTimeoutException: null
[00:24:27] [Netty Client IO #5/INFO]: Reset configs to client values for com.enderio.core.common.config.ConfigHandler
[00:24:27] [Netty Client IO #5/INFO]: Cleaning client cache...
[00:24:27] [Netty Client IO #5/INFO]: Cleared cached client data! Disconnected from server.
[00:24:27] [Client thread/INFO]: Mapping halted in C:\Users\micha_000\Documents\Curse\Minecraft\Instances\Auto\journeymap\data\mp\Minecraft~Server\DIM0
[00:24:33] [Client thread/INFO]: JEI search tree manager injection complete!
[00:24:34] [Client thread/INFO]: Applying holder lookups
[00:24:34] [Client thread/INFO]: Holder lookups applied
[00:24:45] [Session-Validator/INFO]: Session validation successful
[00:24:50] [Client thread/INFO]: Connecting to riko.uy.to, 7047
[00:24:50] [Session-Validator/INFO]: Session validation successful
[00:24:51] [Netty Client IO #7/INFO]: Server protocol version 2
[00:24:51] [Client thread/INFO]: Injecting existing registry data into this client instance
[00:24:54] [Client thread/INFO]: JEI search tree manager injection complete!
[00:24:54] [Client thread/INFO]: Applying holder lookups
[00:24:54] [Client thread/INFO]: Holder lookups applied
[00:24:54] [Netty Client IO #7/INFO]: [Netty Client IO #7] Client side modded connection established
[00:24:58] [Client thread/INFO]: Using gateway screenshots for folder 'riko.uy.to_180.69.120.30_7047'
[00:24:58] [Client thread/INFO]: Loaded 32 advancements
[00:24:59] [Client thread/WARN]: core (Initialized) Bad configField entry during updateFrom(): optionsManagerViewed=null
[00:24:59] [Client thread/WARN]: core (Initialized) Bad configField entry during updateFrom(): splashViewed=null
[00:24:59] [Client thread/INFO]: Loading journeymap.topo.config
[00:24:59] [Client thread/INFO]: Loaded 5 waypoints from C:\Users\micha_000\Documents\Curse\Minecraft\Instances\Auto\journeymap\data\mp\Minecraft~Server\waypoints
[00:24:59] [Client thread/INFO]: Mapping started in C:\Users\micha_000\Documents\Curse\Minecraft\Instances\Auto\journeymap\data\mp\Minecraft~Server\DIM0. Memory: 4030MB total, 1330MB free 
[00:25:06] [Client thread/INFO]: [CHAT] 」6You lost your entire player storage.
[00:25:06] [Client thread/INFO]: [CHAT] ZoNiIc645 fell out of the world
[00:25:07] [Client thread/INFO]: ZoNiIc645 died at BlockPos{x=773, y=-341, z=-246}. Deathpoints enabled: true. Deathpoint created: true
[00:25:21] [Client thread/INFO]: [CHAT] Your game mode has been updated to Creative Mode
[00:25:27] [Client thread/INFO]: Unloaded world <net.minecraft.client.multiplayer.WorldClient@2acaeea7 0 MultiplayerChunkCache: 575, 575> is still hanging around after 60 seconds.
[00:29:15] [Client thread/INFO]: Loaded 35 advancements
[00:32:35] [Client thread/INFO]: Loaded 36 advancements
[00:32:39] [Client thread/INFO]: Loaded 42 advancements
[00:32:56] [Client thread/INFO]: [CHAT] ZoNiIc645 has made the advancement [Under Pressure]
[00:32:56] [Client thread/INFO]: Loaded 45 advancements
[00:33:13] [Client thread/INFO]: [CHAT] ZoNiIc645 has made the advancement [HAMMAH!]
[00:33:13] [Client thread/INFO]: Loaded 48 advancements
[00:34:33] [Client thread/WARN]: Recipe registry plugin is slow, took 12.63 ms. class crazypants.enderio.machines.integration.jei.PainterRegistryPlugin
[00:35:47] [Client thread/INFO]: Loaded 50 advancements
[00:39:24] [Client thread/INFO]: [CHAT] ZoNiIc645 has made the advancement [Road to nowhere]
[00:39:24] [Client thread/INFO]: Loaded 51 advancements
[00:41:05] [Client thread/INFO]: [CHAT] AngelicLayer fell out of the world
[01:54:14] [Netty Client IO #7/ERROR]: NetworkDispatcher exception
io.netty.handler.timeout.ReadTimeoutException: null
[01:54:14] [Netty Client IO #7/INFO]: Reset configs to client values for com.enderio.core.common.config.ConfigHandler
[01:54:14] [Netty Client IO #7/INFO]: Cleaning client cache...
[01:54:14] [Netty Client IO #7/INFO]: Cleared cached client data! Disconnected from server.
[01:54:15] [Client thread/INFO]: Mapping halted in C:\Users\micha_000\Documents\Curse\Minecraft\Instances\Auto\journeymap\data\mp\Minecraft~Server\DIM0
[01:54:22] [Client thread/INFO]: JEI search tree manager injection complete!
[01:54:27] [Client thread/INFO]: Applying holder lookups
[01:54:27] [Client thread/INFO]: Holder lookups applied
[01:55:00] [ReAuth-VersionChecker/INFO]: Looking for Updates
[01:55:00] [ReAuth-VersionChecker/INFO]: Looking for Updates - Finished
[01:55:00] [Session-Validator/INFO]: Session validation successful
[01:55:15] [Client thread/INFO]: Unloaded world <net.minecraft.client.multiplayer.WorldClient@7bc55f34 0 MultiplayerChunkCache: 599, 599> is still hanging around after 60 seconds.
[21:28:17] [ReAuth-VersionChecker/INFO]: Looking for Updates
[21:28:17] [ReAuth-VersionChecker/INFO]: Looking for Updates - Finished
[21:28:18] [Session-Validator/INFO]: Session validation successful
[21:55:13] [Client thread/INFO]: Stopping!
[21:55:13] [Client thread/INFO]: SoundSystem shutting down...
[21:55:13] [Client thread/WARN]: Author: Paul Lamb, www.paulscode.com
